name provided is not valid according to RFC 1034/1035."', '                )'], 'context_line': '            raise DisallowedHost(msg)', 'post_context': ['', '    def get_port(self):', '        """Return the port number for the request as a string."""', '        if settings.USE_X_FORWARDED_PORT and "HTTP_X_FORWARDED_PORT" in self.META:', '            port = self.META["HTTP_X_FORWARDED_PORT"]', '        else:'], 'pre_context_lineno': 144, 'colno': '\n                 ^^^^^^^^^^^^^^^^^^^^^^^^^', 'tb_area_colno': '\n    ^^^^^^^^^^^^^^^^^^^^^^^^^'}}]
WARNING 2025-11-05 12:38:18,097 log Bad Request: /http:/api.ipify.org/
WARNING 2025-11-05 12:38:18,098 basehttp "GET http://api.ipify.org/?format=json HTTP/1.1" 400 76713
ERROR 2025-11-05 12:38:21,535 exception Invalid HTTP_HOST header: 'www.shadowserver.org'. You may need to add 'www.shadowserver.org' to ALLOWED_HOSTS.
Traceback (most recent call last):
  File "/home/ubuntu/miniconda3/envs/pewaca_env/lib/python3.11/site-packages/django/core/handlers/exception.py", line 55, in inner
    response = get_response(request)
               ^^^^^^^^^^^^^^^^^^^^^
  File "/home/ubuntu/miniconda3/envs/pewaca_env/lib/python3.11/site-packages/django/utils/deprecation.py", line 133, in __call__
    response = self.process_request(request)
               ^^^^^^^^^^^^^^^^^^^^^^^^^^^^^
  File "/home/ubuntu/miniconda3/envs/pewaca_env/lib/python3.11/site-packages/django/middleware/common.py", line 48, in process_request
    host = request.get_host()
           ^^^^^^^^^^^^^^^^^^
  File "/home/ubuntu/miniconda3/envs/pewaca_env/lib/python3.11/site-packages/django/http/request.py", line 151, in get_host
    raise DisallowedHost(msg)
django.core.exceptions.DisallowedHost: Invalid HTTP_HOST header: 'www.shadowserver.org'. You may need to add 'www.shadowserver.org' to ALLOWED_HOSTS.
DEBUG 2025-11-05 12:38:21,544 base Exception while resolving variable 'exception_notes' in template 'unknown'.
Traceback (most recent call last):
  File "/home/ubuntu/miniconda3/envs/pewaca_env/lib/python3.11/site-packages/django/core/handlers/exception.py", line 55, in inner
    response = get_response(request)
               ^^^^^^^^^^^^^^^^^^^^^
  File "/home/ubuntu/miniconda3/envs/pewaca_env/lib/python3.11/site-packages/django/utils/deprecation.py", line 133, in __call__
    response = self.process_request(request)
               ^^^^^^^^^^^^^^^^^^^^^^^^^^^^^
  File "/home/ubuntu/miniconda3/envs/pewaca_env/lib/python3.11/site-packages/django/middleware/common.py", line 48, in process_request
    host = request.get_host()
           ^^^^^^^^^^^^^^^^^^
  File "/home/ubuntu/miniconda3/envs/pewaca_env/lib/python3.11/site-packages/django/http/request.py", line 151, in get_host
    raise DisallowedHost(msg)
django.core.exceptions.DisallowedHost: Invalid HTTP_HOST header: 'www.shadowserver.org'. You may need to add 'www.shadowserver.org' to ALLOWED_HOSTS.

During handling of the above exception, another exception occurred:

Traceback (most recent call last):
  File "/home/ubuntu/miniconda3/envs/pewaca_env/lib/python3.11/site-packages/django/template/base.py", line 875, in _resolve_lookup
    current = current[bit]
              ~~~~~~~^^^^^
  File "/home/ubuntu/miniconda3/envs/pewaca_env/lib/python3.11/site-packages/django/template/context.py", line 83, in __getitem__
    raise KeyError(key)
KeyError: 'exception_notes'

During handling of the above exception, another exception occurred:

Traceback (most recent call last):
  File "/home/ubuntu/miniconda3/envs/pewaca_env/lib/python3.11/site-packages/django/template/base.py", line 881, in _resolve_lookup
    if isinstance(current, BaseContext) and getattr(
                                            ^^^^^^^^
AttributeError: type object 'Context' has no attribute 'exception_notes'

During handling of the above exception, another exception occurred:

Traceback (most recent call last):
  File "/home/ubuntu/miniconda3/envs/pewaca_env/lib/python3.11/site-packages/django/template/base.py", line 891, in _resolve_lookup
    current = current[int(bit)]
                      ^^^^^^^^
ValueError: invalid literal for int() with base 10: 'exception_notes'

During handling of the above exception, another exception occurred:

Traceback (most recent call last):
  File "/home/ubuntu/miniconda3/envs/pewaca_env/lib/python3.11/site-packages/django/template/base.py", line 898, in _resolve_lookup
    raise VariableDoesNotExist(
django.template.base.VariableDoesNotExist: Failed lookup for key [exception_notes] in [{'True': True, 'False': False, 'None': None}, {'is_email': False, 'unicode_hint': '', 'frames': [{'exc_cause': None, 'exc_cause_explicit': None, 'tb': <traceback object at 0x7fa0a2bf29c0>, 'type': 'django', 'filename': '/home/ubuntu/miniconda3/envs/pewaca_env/lib/python3.11/site-packages/django/core/handlers/exception.py', 'function': 'inner', 'lineno': 55, 'vars': [('request', "<WSGIRequest: CONNECT '/www.shadowserver.org:443'>"), ('exc', 'DisallowedHost("Invalid HTTP_HOST header: \'www.shadowserver.org\'. You may need to add \'www.shadowserver.org\' to ALLOWED_HOSTS.")'), ('get_response', '<CommonMiddleware get_response=convert_exception_to_response.<locals>.inner>')], 'id': 140327901931968, 'pre_context': ['', '        return inner', '    else:', '', '        @wraps(get_response)', '        def inner(request):', '            try:'], 'context_line': '                response = get_response(request)', 'post_context': ['            except Exception as exc:', '                response = response_for_exception(request, exc)', '            return response', '', '        return inner', ''], 'pre_context_lineno': 48, 'colno': '\n                               ^^^^^^^^^^^^^^^^^^^^^', 'tb_area_colno': '\n               ^^^^^^^^^^^^^^^^^^^^^'}, {'exc_cause': None, 'exc_cause_explicit': None, 'tb': <traceback object at 0x7fa0a2bf07c0>, 'type': 'django', 'filename': '/home/ubuntu/miniconda3/envs/pewaca_env/lib/python3.11/site-packages/django/utils/deprecation.py', 'function': '__call__', 'lineno': 133, 'vars': [('self', '<CommonMiddleware get_response=convert_exception_to_response.<locals>.inner>'), ('request', "<WSGIRequest: CONNECT '/www.shadowserver.org:443'>"), ('response', 'None')], 'id': 140327901923264, 'pre_context': ['', '    def __call__(self, request):', '        # Exit out to async mode, if needed', '        if iscoroutinefunction(self):', '            return self.__acall__(request)', '        response = None', '        if hasattr(self, "process_request"):'], 'context_line': '            response = self.process_request(request)', 'post_context': ['        response = response or self.get_response(request)', '        if hasattr(self, "process_response"):', '            response = self.process_response(request, response)', '        return response', '', '    async def __acall__(self, request):'], 'pre_context_lineno': 126, 'colno': '\n                            ^^^^^^^^^^^^^^^^^^^^^^^^^^^^^', 'tb_area_colno': '\n               ^^^^^^^^^^^^^^^^^^^^^^^^^^^^^'}, {'exc_cause': None, 'exc_cause_explicit': None, 'tb': <traceback object at 0x7fa0a2c39080>, 'type': 'django', 'filename': '/home/ubuntu/miniconda3/envs/pewaca_env/lib/python3.11/site-packages/django/middleware/common.py', 'function': 'process_request', 'lineno': 48, 'vars': [('self', '<CommonMiddleware get_response=convert_exception_to_response.<locals>.inner>'), ('request', "<WSGIRequest: CONNECT '/www.shadowserver.org:443'>"), ('user_agent', "('Mozilla/5.0 (Macintosh; Intel Mac OS X 10_15_7) AppleWebKit/537.36 (KHTML, '\n 'like Gecko) Chrome/138.0.0.0 Safari/537.36')")], 'id': 140327902220416, 'pre_context': ['        user_agent = request.META.get("HTTP_USER_AGENT")', '        if user_agent is not None:', '            for user_agent_regex in settings.DISALLOWED_USER_AGENTS:', '                if user_agent_regex.search(user_agent):', '                    raise PermissionDenied("Forbidden user agent")', '', '        # Check for a redirect based on settings.PREPEND_WWW'], 'context_line': '        host = request.get_host()', 'post_context': ['', '        if settings.PREPEND_WWW and host and not host.startswith("www."):', '            # Check if we also need to append a slash so we can do it all', '            # with a single redirect. (This check may be somewhat expensive,', "            # so we only do it if we already know we're sending a redirect,", '            # or in process_response if we get a 404.)'], 'pre_context_lineno': 41, 'colno': '\n                   ^^^^^^^^^^^^^^^^^^', 'tb_area_colno': '\n           ^^^^^^^^^^^^^^^^^^'}, {'exc_cause': None, 'exc_cause_explicit': None, 'tb': <traceback object at 0x7fa0a2c39200>, 'type': 'django', 'filename': '/home/ubuntu/miniconda3/envs/pewaca_env/lib/python3.11/site-packages/django/http/request.py', 'function': 'get_host', 'lineno': 151, 'vars': [('self', "<WSGIRequest: CONNECT '/www.shadowserver.org:443'>"), ('host', "'www.shadowserver.org'"), ('allowed_hosts', "['147.79.71.120',\n '127.0.0.1',\n 'localhost',\n '0.0.0.0',\n '43.156.75.206',\n 'admin.pewaca.id',\n 'www.admin.pewaca.id']"), ('domain', "'www.shadowserver.org'"), ('port', "''"), ('msg', '("Invalid HTTP_HOST header: \'www.shadowserver.org\'. You may need to add "\n "\'www.shadowserver.org\' to ALLOWED_HOSTS.")')], 'id': 140327902220800, 'pre_context': ['            msg = "Invalid HTTP_HOST header: %r." % host', '            if domain:', '                msg += " You may need to add %r to ALLOWED_HOSTS." % domain', '            else:', '                msg += (', '                    " The domain name provided is not valid according to RFC 1034/1035."', '                )'], 'context_line': '            raise DisallowedHost(msg)', 'post_context': ['', '    def get_port(self):', '        """Return the port number for the request as a string."""', '        if settings.USE_X_FORWARDED_PORT and "HTTP_X_FORWARDED_PORT" in self.META:', '            port = self.META["HTTP_X_FORWARDED_PORT"]', '        else:'], 'pre_context_lineno': 144, 'colno': '\n                 ^^^^^^^^^^^^^^^^^^^^^^^^^', 'tb_area_colno': '\n    ^^^^^^^^^^^^^^^^^^^^^^^^^'}], 'request': <WSGIRequest: CONNECT '/www.shadowserver.org:443'>, 'request_meta': {'SHELL': '/bin/bash', 'CONDA_EXE': '/home/ubuntu/miniconda3/bin/conda', '_CE_M': '', 'HISTSIZE': '1000', 'HISTTIMEFORMAT': '%F %T ', 'PWD': '/home/ubuntu/apps/django/pewaca_be/dash', 'LOGNAME': 'ubuntu', 'XDG_SESSION_TYPE': 'tty', 'CONDA_PREFIX': '/home/ubuntu/miniconda3/envs/pewaca_env', 'MOTD_SHOWN': 'pam', 'HOME': '/home/ubuntu', 'LANG': 'en_US.UTF-8', 'LS_COLORS': 'rs=0:di=01;34:ln=01;36:mh=00:pi=40;33:so=01;35:do=01;35:bd=40;33;01:cd=40;33;01:or=40;31;01:mi=00:su=37;41:sg=30;43:ca=30;41:tw=30;42:ow=34;42:st=37;44:ex=01;32:*.tar=01;31:*.tgz=01;31:*.arc=01;31:*.arj=01;31:*.taz=01;31:*.lha=01;31:*.lz4=01;31:*.lzh=01;31:*.lzma=01;31:*.tlz=01;31:*.txz=01;31:*.tzo=01;31:*.t7z=01;31:*.zip=01;31:*.z=01;31:*.dz=01;31:*.gz=01;31:*.lrz=01;31:*.lz=01;31:*.lzo=01;31:*.xz=01;31:*.zst=01;31:*.tzst=01;31:*.bz2=01;31:*.bz=01;31:*.tbz=01;31:*.tbz2=01;31:*.tz=01;31:*.deb=01;31:*.rpm=01;31:*.jar=01;31:*.war=01;31:*.ear=01;31:*.sar=01;31:*.rar=01;31:*.alz=01;31:*.ace=01;31:*.zoo=01;31:*.cpio=01;31:*.7z=01;31:*.rz=01;31:*.cab=01;31:*.wim=01;31:*.swm=01;31:*.dwm=01;31:*.esd=01;31:*.jpg=01;35:*.jpeg=01;35:*.mjpg=01;35:*.mjpeg=01;35:*.gif=01;35:*.bmp=01;35:*.pbm=01;35:*.pgm=01;35:*.ppm=01;35:*.tga=01;35:*.xbm=01;35:*.xpm=01;35:*.tif=01;35:*.tiff=01;35:*.png=01;35:*.svg=01;35:*.svgz=01;35:*.mng=01;35:*.pcx=01;35:*.mov=01;35:*.mpg=01;35:*.mpeg=01;35:*.m2v=01;35:*.mkv=01;35:*.webm=01;35:*.webp=01;35:*.ogm=01;35:*.mp4=01;35:*.m4v=01;35:*.mp4v=01;35:*.vob=01;35:*.qt=01;35:*.nuv=01;35:*.wmv=01;35:*.asf=01;35:*.rm=01;35:*.rmvb=01;35:*.flc=01;35:*.avi=01;35:*.fli=01;35:*.flv=01;35:*.gl=01;35:*.dl=01;35:*.xcf=01;35:*.xwd=01;35:*.yuv=01;35:*.cgm=01;35:*.emf=01;35:*.ogv=01;35:*.ogx=01;35:*.aac=00;36:*.au=00;36:*.flac=00;36:*.m4a=00;36:*.mid=00;36:*.midi=00;36:*.mka=00;36:*.mp3=00;36:*.mpc=00;36:*.ogg=00;36:*.ra=00;36:*.wav=00;36:*.oga=00;36:*.opus=00;36:*.spx=00;36:*.xspf=00;36:', 'CONDA_PROMPT_MODIFIER': '(pewaca_env) ', 'PROMPT_COMMAND': 'history -a; history -a; ', 'SSH_CONNECTION': '101.32.250.243 32822 10.3.8.8 22', '_CONDA_EXE': '/home/ubuntu/miniconda3/bin/conda', 'LESSCLOSE': '/usr/bin/lesspipe %s %s', '_CONDA_ROOT': '/home/ubuntu/miniconda3', 'XDG_SESSION_CLASS': 'user', 'TERM': 'xterm-256color', '_CE_CONDA': '', 'LESSOPEN': '| /usr/bin/lesspipe %s', 'USER': 'ubuntu', 'CONDA_SHLVL': '2', 'SHLVL': '0', 'XDG_SESSION_ID': '77007', 'CONDA_PYTHON_EXE': '/home/ubuntu/miniconda3/bin/python', 'XDG_RUNTIME_DIR': '/run/user/1000', 'SSH_CLIENT': '101.32.250.243 32822 22', 'CONDA_DEFAULT_ENV': 'pewaca_env', 'XDG_DATA_DIRS': '/usr/local/share:/usr/share:/var/lib/snapd/desktop', 'PATH': '/home/ubuntu/miniconda3/envs/pewaca_env/bin:/home/ubuntu/miniconda3/condabin:/usr/local/sbin:/usr/local/bin:/usr/sbin:/usr/bin:/sbin:/bin:/usr/games:/usr/local/games:/snap/bin', 'DBUS_SESSION_BUS_ADDRESS': 'unix:path=/run/user/1000/bus', 'SSH_TTY': '/dev/pts/0', 'CONDA_PREFIX_1': '/home/ubuntu/miniconda3', 'OLDPWD': '/home/ubuntu/apps/django/pewaca_be', '_': '/usr/bin/nohup', 'DJANGO_SETTINGS_MODULE': 'dash.settings', 'TZ': 'UTC', 'RUN_MAIN': 'true', 'SERVER_NAME': 'localhost.localdomain', 'GATEWAY_INTERFACE': 'CGI/1.1', 'SERVER_PORT': '8000', 'REMOTE_HOST': '', 'CONTENT_LENGTH': '', 'SCRIPT_NAME': '', 'SERVER_PROTOCOL': 'HTTP/1.1', 'SERVER_SOFTWARE': 'WSGIServer/0.2', 'REQUEST_METHOD': 'CONNECT', 'PATH_INFO': 'www.shadowserver.org:443', 'QUERY_STRING': '', 'REMOTE_ADDR': '184.105.247.216', 'CONTENT_TYPE': 'text/plain', 'HTTP_HOST': 'www.shadowserver.org', 'HTTP_USER_AGENT': 'Mozilla/5.0 (Macintosh; Intel Mac OS X 10_15_7) AppleWebKit/537.36 (KHTML, like Gecko) Chrome/138.0.0.0 Safari/537.36', 'HTTP_CONNECTION': 'Keep-Alive', 'HTTP_PRAGMA': 'no-cache', 'HTTP_PROXY_CONNECTION': 'Keep-Alive', 'wsgi.input': <django.core.handlers.wsgi.LimitedStream object at 0x7fa0a2e79d20>, 'wsgi.errors': <_io.TextIOWrapper name='<stderr>' mode='w' encoding='utf-8'>, 'wsgi.version': (1, 0), 'wsgi.run_once': False, 'wsgi.url_scheme': 'http', 'wsgi.multithread': True, 'wsgi.multiprocess': False, 'wsgi.file_wrapper': <class 'wsgiref.util.FileWrapper'>}, 'request_COOKIES_items': dict_items([]), 'user_str': '[unable to retrieve the current user]', 'filtered_POST_items': [], 'settings': {'ABSOLUTE_URL_OVERRIDES': {}, 'ADMINS': [], 'ALLOWED_HOSTS': ['147.79.71.120', '127.0.0.1', 'localhost', '0.0.0.0', '43.156.75.206', 'admin.pewaca.id', 'www.admin.pewaca.id'], 'APPEND_SLASH': True, 'AUTHENTICATION_BACKENDS': ['django.contrib.auth.backends.ModelBackend'], 'AUTH_PASSWORD_VALIDATORS': '********************', 'AUTH_USER_MODEL': 'management_user.MUser', 'BASE_DIR': PosixPath('/home/ubuntu/apps/django/pewaca_be/dash'), 'BASE_URL': 'http://127.0.0.1:8000/', 'BASE_URL_FE': 'https://pewaca.replit.app', 'BREVO_API_KEY': '********************', 'CACHES': {'default': {'BACKEND': 'django.core.cache.backends.locmem.LocMemCache'}}, 'CACHE_MIDDLEWARE_ALIAS': 'default', 'CACHE_MIDDLEWARE_KEY_PREFIX': '********************', 'CACHE_MIDDLEWARE_SECONDS': 600, 'CORS_ALLOWED_ORIGINS': ['http://147.79.71.120', 'http://127.0.0.1', 'http://127.0.0.1:8000', 'http://localhost:8000', 'https://admin.pewaca.id', 'https://www.admin.pewaca.id', 'https://pewaca.replit.app'], 'CORS_ALLOW_ALL_ORIGINS': True, 'CORS_ALLOW_CREDENTIALS': True, 'CSRF_COOKIE_AGE': 31449600, 'CSRF_COOKIE_DOMAIN': None, 'CSRF_COOKIE_HTTPONLY': False, 'CSRF_COOKIE_NAME': 'csrftoken', 'CSRF_COOKIE_PATH': '/', 'CSRF_COOKIE_SAMESITE': 'Lax', 'CSRF_COOKIE_SECURE': False, 'CSRF_FAILURE_VIEW': 'django.views.csrf.csrf_failure', 'CSRF_HEADER_NAME': 'HTTP_X_CSRFTOKEN', 'CSRF_TRUSTED_ORIGINS': ['http://147.79.71.120', 'http://127.0.0.1', 'http://127.0.0.1:8000', 'http://localhost:8000', 'https://admin.pewaca.id', 'https://www.admin.pewaca.id', 'https://pewaca.replit.app'], 'CSRF_USE_SESSIONS': False, 'DATABASES': {'default': {'ENGINE': 'django.db.backends.mysql', 'NAME': 'pewaca_v1', 'USER': 'root', 'PASSWORD': '********************', 'HOST': 'localhost', 'PORT': 3306, 'ATOMIC_REQUESTS': False, 'AUTOCOMMIT': True, 'CONN_MAX_AGE': 0, 'CONN_HEALTH_CHECKS': False, 'OPTIONS': {}, 'TIME_ZONE': None, 'TEST': {'CHARSET': None, 'COLLATION': None, 'MIGRATE': True, 'MIRROR': None, 'NAME': None}}}, 'DATABASE_ROUTERS': [], 'DATA_UPLOAD_MAX_MEMORY_SIZE': 2621440, 'DATA_UPLOAD_MAX_NUMBER_FIELDS': 1000, 'DATA_UPLOAD_MAX_NUMBER_FILES': 100, 'DATETIME_FORMAT': 'N j, Y, P', 'DATETIME_INPUT_FORMATS': ['%Y-%m-%d %H:%M:%S', '%Y-%m-%d %H:%M:%S.%f', '%Y-%m-%d %H:%M', '%m/%d/%Y %H:%M:%S', '%m/%d/%Y %H:%M:%S.%f', '%m/%d/%Y %H:%M', '%m/%d/%y %H:%M:%S', '%m/%d/%y %H:%M:%S.%f', '%m/%d/%y %H:%M'], 'DATE_FORMAT': 'N j, Y', 'DATE_INPUT_FORMATS': ['%Y-%m-%d', '%m/%d/%Y', '%m/%d/%y', '%b %d %Y', '%b %d, %Y', '%d %b %Y', '%d %b, %Y', '%B %d %Y', '%B %d, %Y', '%d %B %Y', '%d %B, %Y'], 'DEBUG': True, 'DEBUG_PROPAGATE_EXCEPTIONS': True, 'DECIMAL_SEPARATOR': '.', 'DEFAULT_AUTO_FIELD': 'django.db.models.BigAutoField', 'DEFAULT_CHARSET': 'utf-8', 'DEFAULT_EXCEPTION_REPORTER': 'django.views.debug.ExceptionReporter', 'DEFAULT_EXCEPTION_REPORTER_FILTER': 'django.views.debug.SafeExceptionReporterFilter', 'DEFAULT_FILE_STORAGE': 'api.utils.tencent_storage.TencentCOSStorage', 'DEFAULT_FROM_EMAIL': 'webmaster@localhost', 'DEFAULT_INDEX_TABLESPACE': '', 'DEFAULT_TABLESPACE': '', 'DISALLOWED_USER_AGENTS': [], 'EMAIL_BACKEND': 'django.core.mail.backends.smtp.EmailBackend', 'EMAIL_HOST': 'localhost', 'EMAIL_HOST_PASSWORD': '********************', 'EMAIL_HOST_USER': '', 'EMAIL_PORT': 25, 'EMAIL_SSL_CERTFILE': None, 'EMAIL_SSL_KEYFILE': '********************', 'EMAIL_SUBJECT_PREFIX': '[Django] ', 'EMAIL_TIMEOUT': None, 'EMAIL_USE_LOCALTIME': False, 'EMAIL_USE_SSL': False, 'EMAIL_USE_TLS': False, 'FILE_UPLOAD_DIRECTORY_PERMISSIONS': None, 'FILE_UPLOAD_HANDLERS': ['django.core.files.uploadhandler.MemoryFileUploadHandler', 'django.core.files.uploadhandler.TemporaryFileUploadHandler'], 'FILE_UPLOAD_MAX_MEMORY_SIZE': 20971520, 'FILE_UPLOAD_PERMISSIONS': 420, 'FILE_UPLOAD_TEMP_DIR': None, 'FIRST_DAY_OF_WEEK': 0, 'FIXTURE_DIRS': [], 'FORCE_SCRIPT_NAME': None, 'FORMAT_MODULE_PATH': None, 'FORMS_URLFIELD_ASSUME_HTTPS': False, 'FORM_RENDERER': 'django.forms.renderers.DjangoTemplates', 'GOOGLE_MAPS_API_KEY': '********************', 'IGNORABLE_404_URLS': [], 'INSTALLED_APPS': ['unfold', 'unfold.contrib.filters', 'unfold.contrib.forms', 'unfold.contrib.inlines', 'unfold.contrib.import_export', 'unfold.contrib.guardian', 'unfold.contrib.simple_history', 'django.contrib.admin', 'django.contrib.auth', 'django.contrib.contenttypes', 'django.contrib.sessions', 'django.contrib.messages', 'django.contrib.staticfiles', 'main', 'api', 'management_user', 'rest_framework', 'tagihan', 'rest_framework.authtoken', 'drf_yasg', 'corsheaders', 'django_google_maps', 'django_select2', 'django_filters', 'storages'], 'INTERNAL_IPS': [], 'LANGUAGES': [('af', 'Afrikaans'), ('ar', 'Arabic'), ('ar-dz', 'Algerian Arabic'), ('ast', 'Asturian'), ('az', 'Azerbaijani'), ('bg', 'Bulgarian'), ('be', 'Belarusian'), ('bn', 'Bengali'), ('br', 'Breton'), ('bs', 'Bosnian'), ('ca', 'Catalan'), ('ckb', 'Central Kurdish (Sorani)'), ('cs', 'Czech'), ('cy', 'Welsh'), ('da', 'Danish'), ('de', 'German'), ('dsb', 'Lower Sorbian'), ('el', 'Greek'), ('en', 'English'), ('en-au', 'Australian English'), ('en-gb', 'British English'), ('eo', 'Esperanto'), ('es', 'Spanish'), ('es-ar', 'Argentinian Spanish'), ('es-co', 'Colombian Spanish'), ('es-mx', 'Mexican Spanish'), ('es-ni', 'Nicaraguan Spanish'), ('es-ve', 'Venezuelan Spanish'), ('et', 'Estonian'), ('eu', 'Basque'), ('fa', 'Persian'), ('fi', 'Finnish'), ('fr', 'French'), ('fy', 'Frisian'), ('ga', 'Irish'), ('gd', 'Scottish Gaelic'), ('gl', 'Galician'), ('he', 'Hebrew'), ('hi', 'Hindi'), ('hr', 'Croatian'), ('hsb', 'Upper Sorbian'), ('hu', 'Hungarian'), ('hy', 'Armenian'), ('ia', 'Interlingua'), ('id', 'Indonesian'), ('ig', 'Igbo'), ('io', 'Ido'), ('is', 'Icelandic'), ('it', 'Italian'), ('ja', 'Japanese'), ('ka', 'Georgian'), ('kab', 'Kabyle'), ('kk', 'Kazakh'), ('km', 'Khmer'), ('kn', 'Kannada'), ('ko', 'Korean'), ('ky', 'Kyrgyz'), ('lb', 'Luxembourgish'), ('lt', 'Lithuanian'), ('lv', 'Latvian'), ('mk', 'Macedonian'), ('ml', 'Malayalam'), ('mn', 'Mongolian'), ('mr', 'Marathi'), ('ms', 'Malay'), ('my', 'Burmese'), ('nb', 'Norwegian Bokmål'), ('ne', 'Nepali'), ('nl', 'Dutch'), ('nn', 'Norwegian Nynorsk'), ('os', 'Ossetic'), ('pa', 'Punjabi'), ('pl', 'Polish'), ('pt', 'Portuguese'), ('pt-br', 'Brazilian Portuguese'), ('ro', 'Romanian'), ('ru', 'Russian'), ('sk', 'Slovak'), ('sl', 'Slovenian'), ('sq', 'Albanian'), ('sr', 'Serbian'), ('sr-latn', 'Serbian Latin'), ('sv', 'Swedish'), ('sw', 'Swahili'), ('ta', 'Tamil'), ('te', 'Telugu'), ('tg', 'Tajik'), ('th', 'Thai'), ('tk', 'Turkmen'), ('tr', 'Turkish'), ('tt', 'Tatar'), ('udm', 'Udmurt'), ('ug', 'Uyghur'), ('uk', 'Ukrainian'), ('ur', 'Urdu'), ('uz', 'Uzbek'), ('vi', 'Vietnamese'), ('zh-hans', 'Simplified Chinese'), ('zh-hant', 'Traditional Chinese')], 'LANGUAGES_BIDI': ['he', 'ar', 'ar-dz', 'ckb', 'fa', 'ug', 'ur'], 'LANGUAGE_CODE': 'en-us', 'LANGUAGE_COOKIE_AGE': None, 'LANGUAGE_COOKIE_DOMAIN': None, 'LANGUAGE_COOKIE_HTTPONLY': False, 'LANGUAGE_COOKIE_NAME': 'django_language', 'LANGUAGE_COOKIE_PATH': '/', 'LANGUAGE_COOKIE_SAMESITE': None, 'LANGUAGE_COOKIE_SECURE': False, 'LOCALE_PATHS': [], 'LOGGING': {'version': 1, 'disable_existing_loggers': False, 'formatters': {'verbose': {'format': '{levelname} {asctime} {module} {message}', 'style': '{'}}, 'handlers': {'console': {'class': 'logging.StreamHandler', 'formatter': 'verbose'}}, 'loggers': {'django': {'handlers': ['console'], 'level': 'DEBUG'}, 'django.db.backends': {'handlers': ['console'], 'level': 'DEBUG'}}}, 'LOGGING_CONFIG': 'logging.config.dictConfig', 'LOGIN_REDIRECT_URL': '/accounts/profile/', 'LOGIN_URL': '/sign-in', 'LOGOUT_REDIRECT_URL': None, 'MANAGERS': [], 'MEDIA_ROOT': '', 'MEDIA_URL': 'https://pewaca-1379748683.cos.ap-singapore.myqcloud.com/', 'MESSAGE_STORAGE': 'django.contrib.messages.storage.fallback.FallbackStorage', 'MIDDLEWARE': ['django.middleware.security.SecurityMiddleware', 'django.contrib.sessions.middleware.SessionMiddleware', 'api.utils.debug_middleware.DebugAuthMiddleware', 'django.middleware.common.CommonMiddleware', 'django.middleware.csrf.CsrfViewMiddleware', 'django.contrib.auth.middleware.AuthenticationMiddleware', 'django.contrib.messages.middleware.MessageMiddleware', 'django.middleware.clickjacking.XFrameOptionsMiddleware', 'corsheaders.middleware.CorsMiddleware'], 'MIGRATION_MODULES': {}, 'MONTH_DAY_FORMAT': 'F j', 'NUMBER_GROUPING': 0, 'PASSWORD_HASHERS': '********************', 'PASSWORD_RESET_TIMEOUT': '********************', 'PREPEND_WWW': False, 'REST_FRAMEWORK': {'DEFAULT_AUTHENTICATION_CLASSES': ['api.utils.token.TokenJWTAuthentication', 'rest_framework.authentication.SessionAuthentication'], 'DEFAULT_PERMISSION_CLASSES': ['rest_framework.permissions.IsAuthenticated'], 'DEFAULT_PAGINATION_CLASS': 'rest_framework.pagination.PageNumberPagination', 'PAGE_SIZE': 10}, 'ROOT_URLCONF': 'dash.urls', 'SECRET_KEY': '********************', 'SECRET_KEY_FALLBACKS': '********************', 'SECURE_CONTENT_TYPE_NOSNIFF': True, 'SECURE_CROSS_ORIGIN_OPENER_POLICY': 'same-origin', 'SECURE_HSTS_INCLUDE_SUBDOMAINS': False, 'SECURE_HSTS_PRELOAD': False, 'SECURE_HSTS_SECONDS': 0, 'SECURE_PROXY_SSL_HEADER': None, 'SECURE_REDIRECT_EXEMPT': [], 'SECURE_REFERRER_POLICY': 'same-origin', 'SECURE_SSL_HOST': None, 'SECURE_SSL_REDIRECT': False, 'SELECT2_CACHE_BACKEND': 'default', 'SELECT2_CACHE_PREFIX': 'select2_', 'SELECT2_CSS': ['admin/css/vendor/select2/select2.min.css'], 'SELECT2_I18N_AVAILABLE_LANGUAGES': ['ar', 'az', 'bg', 'ca', 'cs', 'da', 'de', 'el', 'en', 'es', 'et', 'eu', 'fa', 'fi', 'fr', 'gl', 'he', 'hi', 'hr', 'hu', 'id', 'is', 'it', 'ja', 'km', 'ko', 'lt', 'lv', 'mk', 'ms', 'nb', 'nl', 'pl', 'pt-BR', 'pt', 'ro', 'ru', 'sk', 'sr-Cyrl', 'sr', 'sv', 'th', 'tr', 'uk', 'vi', 'zh-CN', 'zh-TW'], 'SELECT2_I18N_PATH': 'admin/js/vendor/select2/i18n', 'SELECT2_JS': ['admin/js/vendor/select2/select2.full.min.js'], 'SELECT2_JSON_ENCODER': 'django.core.serializers.json.DjangoJSONEncoder', 'SELECT2_THEME': 'default', 'SERVER_EMAIL': 'root@localhost', 'SESSION_CACHE_ALIAS': 'default', 'SESSION_COOKIE_AGE': 1209600, 'SESSION_COOKIE_DOMAIN': None, 'SESSION_COOKIE_HTTPONLY': True, 'SESSION_COOKIE_NAME': 'sessionid', 'SESSION_COOKIE_PATH': '/', 'SESSION_COOKIE_SAMESITE': 'Lax', 'SESSION_COOKIE_SECURE': False, 'SESSION_ENGINE': 'django.contrib.sessions.backends.db', 'SESSION_EXPIRE_AT_BROWSER_CLOSE': False, 'SESSION_FILE_PATH': None, 'SESSION_SAVE_EVERY_REQUEST': False, 'SESSION_SERIALIZER': 'django.contrib.sessions.serializers.JSONSerializer', 'SETTINGS_MODULE': 'dash.settings', 'SHORT_DATETIME_FORMAT': 'm/d/Y P', 'SHORT_DATE_FORMAT': 'm/d/Y', 'SIGNING_BACKEND': 'django.core.signing.TimestampSigner', 'SILENCED_SYSTEM_CHECKS': [], 'SIMPLE_JWT': {'USER_ID_FIELD': 'user_id', 'ACCESS_TOKEN_LIFETIME': '********************', 'REFRESH_TOKEN_LIFETIME': '********************', 'ROTATE_REFRESH_TOKENS': '********************', 'BLACKLIST_AFTER_ROTATION': False, 'ALGORITHM': 'HS256', 'SIGNING_KEY': '********************', 'AUTH_HEADER_TYPES': ('Bearer',)}, 'STATICFILES_DIRS': [], 'STATICFILES_FINDERS': ['django.contrib.staticfiles.finders.FileSystemFinder', 'django.contrib.staticfiles.finders.AppDirectoriesFinder'], 'STATICFILES_STORAGE': 'django.contrib.staticfiles.storage.StaticFilesStorage', 'STATIC_ROOT': '/home/ubuntu/apps/django/pewaca_be/dash/static', 'STATIC_URL': '/static/', 'STORAGES': {'default': {'BACKEND': 'api.utils.tencent_storage.TencentCOSStorage'}, 'staticfiles': {'BACKEND': 'django.contrib.staticfiles.storage.StaticFilesStorage'}}, 'SWAGGER_SETTINGS': {'SECURITY_DEFINITIONS': {'Token': '********************'}}, 'TEMPLATES': [{'BACKEND': 'django.template.backends.django.DjangoTemplates', 'DIRS': ['/home/ubuntu/apps/django/pewaca_be/dash/templates'], 'APP_DIRS': True, 'OPTIONS': {'context_processors': ['django.template.context_processors.debug', 'django.template.context_processors.request', 'django.contrib.auth.context_processors.auth', 'django.contrib.messages.context_processors.messages']}}], 'TENCENT_COS_ACCESS_KEY': '********************', 'TENCENT_COS_BUCKET': 'pewaca-1379748683', 'TENCENT_COS_ENDPOINT': 'https://cos.ap-singapore.myqcloud.com', 'TENCENT_COS_REGION': 'ap-singapore', 'TENCENT_COS_SECRET_KEY': '********************', 'TENCENT_COS_URL': 'https://pewaca-1379748683.cos.ap-singapore.myqcloud.com', 'TEST_NON_SERIALIZED_APPS': [], 'TEST_RUNNER': 'django.test.runner.DiscoverRunner', 'THOUSAND_SEPARATOR': ',', 'TIME_FORMAT': 'P', 'TIME_INPUT_FORMATS': ['%H:%M:%S', '%H:%M:%S.%f', '%H:%M'], 'TIME_ZONE': 'UTC', 'UNFOLD': {'SITE_TITLE': 'Zara Residence Admin', 'SITE_HEADER': 'Zara Residence Admin', 'SITE_URL': '/', 'SITE_ICON': {'light': <function <lambda> at 0x7fa0ab9dd4e0>, 'dark': <function <lambda> at 0x7fa0ab9dd580>}, 'SITE_LOGO': {'light': <function <lambda> at 0x7fa0ab9ddf80>, 'dark': <function <lambda> at 0x7fa0abf12b60>}, 'SITE_SYMBOL': 'speed', 'SITE_FAVICONS': [{'rel': 'icon', 'sizes': '32x32', 'type': 'image/svg+xml', 'href': <function <lambda> at 0x7fa0ab47cf40>}], 'SHOW_HISTORY': True, 'SHOW_VIEW_ON_SITE': True, 'THEME': 'light', 'LOGIN': {'image': <function <lambda> at 0x7fa0ab47cfe0>}, 'STYLES': [<function <lambda> at 0x7fa0ab47d080>], 'SCRIPTS': [<function <lambda> at 0x7fa0ab47d120>], 'EXTENSIONS': {'modeltranslation': {'flags': {'id': 'ID'}}}, 'SIDEBAR': {'show_search': False, 'show_all_applications': True, 'navigation': [{'title': 'Navigations', 'separator': False, 'collapsible': False, 'items': [{'title': 'Home', 'icon': 'home', 'link': '/', 'active': False, 'has_permission': True}, {'title': 'Residence', 'icon': 'home', 'link': '/main/mresidence/', 'active': False, 'has_permission': True}, {'title': 'Employee', 'icon': 'group', 'link': '/management_user/muser/staff/', 'permission': <function <lambda> at 0x7fa0ab47d1c0>, 'active': False, 'has_permission': True}]}]}}, 'USE_I18N': True, 'USE_TENCENT_COS': True, 'USE_THOUSAND_SEPARATOR': False, 'USE_TZ': True, 'USE_X_FORWARDED_HOST': False, 'USE_X_FORWARDED_PORT': False, 'WSGI_APPLICATION': 'dash.wsgi.application', 'X_FRAME_OPTIONS': 'DENY', 'YEAR_MONTH_FORMAT': 'F Y'}, 'sys_executable': '/home/ubuntu/miniconda3/envs/pewaca_env/bin/python3', 'sys_version_info': '3.11.13', 'server_time': datetime.datetime(2025, 11, 5, 12, 38, 21, 543879, tzinfo=datetime.timezone.utc), 'django_version_info': '5.0.7', 'sys_path': ['/home/ubuntu/apps/django/pewaca_be/dash', '/home/ubuntu/miniconda3/envs/pewaca_env/lib/python311.zip', '/home/ubuntu/miniconda3/envs/pewaca_env/lib/python3.11', '/home/ubuntu/miniconda3/envs/pewaca_env/lib/python3.11/lib-dynload', '/home/ubuntu/miniconda3/envs/pewaca_env/lib/python3.11/site-packages', '/home/ubuntu/miniconda3/envs/pewaca_env/lib/python3.11/site-packages/setuptools/_vendor'], 'template_info': None, 'template_does_not_exist': False, 'postmortem': None, 'request_GET_items': <generator object MultiValueDict.items at 0x7fa0a2d43ae0>, 'request_FILES_items': <generator object MultiValueDict.items at 0x7fa0a2d43ca0>, 'request_insecure_uri': 'http://www.shadowserver.org/www.shadowserver.org:443', 'raising_view_name': 'django.contrib.admin.sites.catch_all_view', 'exception_type': 'DisallowedHost', 'exception_value': "Invalid HTTP_HOST header: 'www.shadowserver.org'. You may need to add 'www.shadowserver.org' to ALLOWED_HOSTS.", 'lastframe': {'exc_cause': None, 'exc_cause_explicit': None, 'tb': <traceback object at 0x7fa0a2c39200>, 'type': 'django', 'filename': '/home/ubuntu/miniconda3/envs/pewaca_env/lib/python3.11/site-packages/django/http/request.py', 'function': 'get_host', 'lineno': 151, 'vars': [('self', "<WSGIRequest: CONNECT '/www.shadowserver.org:443'>"), ('host', "'www.shadowserver.org'"), ('allowed_hosts', "['147.79.71.120',\n '127.0.0.1',\n 'localhost',\n '0.0.0.0',\n '43.156.75.206',\n 'admin.pewaca.id',\n 'www.admin.pewaca.id']"), ('domain', "'www.shadowserver.org'"), ('port', "''"), ('msg', '("Invalid HTTP_HOST header: \'www.shadowserver.org\'. You may need to add "\n "\'www.shadowserver.org\' to ALLOWED_HOSTS.")')], 'id': 140327902220800, 'pre_context': ['            msg = "Invalid HTTP_HOST header: %r." % host', '            if domain:', '                msg += " You may need to add %r to ALLOWED_HOSTS." % domain', '            else:', '                msg += (', '                    " The domain name provided is not valid according to RFC 1034/1035."', '                )'], 'context_line': '            raise DisallowedHost(msg)', 'post_context': ['', '    def get_port(self):', '        """Return the port number for the request as a string."""', '        if settings.USE_X_FORWARDED_PORT and "HTTP_X_FORWARDED_PORT" in self.META:', '            port = self.META["HTTP_X_FORWARDED_PORT"]', '        else:'], 'pre_context_lineno': 144, 'colno': '\n                 ^^^^^^^^^^^^^^^^^^^^^^^^^', 'tb_area_colno': '\n    ^^^^^^^^^^^^^^^^^^^^^^^^^'}}]
DEBUG 2025-11-05 12:38:21,547 base Exception while resolving variable 'exception_notes' in template 'unknown'.
Traceback (most recent call last):
  File "/home/ubuntu/miniconda3/envs/pewaca_env/lib/python3.11/site-packages/django/core/handlers/exception.py", line 55, in inner
    response = get_response(request)
               ^^^^^^^^^^^^^^^^^^^^^
  File "/home/ubuntu/miniconda3/envs/pewaca_env/lib/python3.11/site-packages/django/utils/deprecation.py", line 133, in __call__
    response = self.process_request(request)
               ^^^^^^^^^^^^^^^^^^^^^^^^^^^^^
  File "/home/ubuntu/miniconda3/envs/pewaca_env/lib/python3.11/site-packages/django/middleware/common.py", line 48, in process_request
    host = request.get_host()
           ^^^^^^^^^^^^^^^^^^
  File "/home/ubuntu/miniconda3/envs/pewaca_env/lib/python3.11/site-packages/django/http/request.py", line 151, in get_host
    raise DisallowedHost(msg)
django.core.exceptions.DisallowedHost: Invalid HTTP_HOST header: 'www.shadowserver.org'. You may need to add 'www.shadowserver.org' to ALLOWED_HOSTS.

During handling of the above exception, another exception occurred:

Traceback (most recent call last):
  File "/home/ubuntu/miniconda3/envs/pewaca_env/lib/python3.11/site-packages/django/template/base.py", line 875, in _resolve_lookup
    current = current[bit]
              ~~~~~~~^^^^^
  File "/home/ubuntu/miniconda3/envs/pewaca_env/lib/python3.11/site-packages/django/template/context.py", line 83, in __getitem__
    raise KeyError(key)
KeyError: 'exception_notes'

During handling of the above exception, another exception occurred:

Traceback (most recent call last):
  File "/home/ubuntu/miniconda3/envs/pewaca_env/lib/python3.11/site-packages/django/template/base.py", line 881, in _resolve_lookup
    if isinstance(current, BaseContext) and getattr(
                                            ^^^^^^^^
AttributeError: type object 'Context' has no attribute 'exception_notes'

During handling of the above exception, another exception occurred:

Traceback (most recent call last):
  File "/home/ubuntu/miniconda3/envs/pewaca_env/lib/python3.11/site-packages/django/template/base.py", line 891, in _resolve_lookup
    current = current[int(bit)]
                      ^^^^^^^^
ValueError: invalid literal for int() with base 10: 'exception_notes'

During handling of the above exception, another exception occurred:

Traceback (most recent call last):
  File "/home/ubuntu/miniconda3/envs/pewaca_env/lib/python3.11/site-packages/django/template/base.py", line 898, in _resolve_lookup
    raise VariableDoesNotExist(
django.template.base.VariableDoesNotExist: Failed lookup for key [exception_notes] in [{'True': True, 'False': False, 'None': None}, {'is_email': False, 'unicode_hint': '', 'frames': [{'exc_cause': None, 'exc_cause_explicit': None, 'tb': <traceback object at 0x7fa0a2bf29c0>, 'type': 'django', 'filename': '/home/ubuntu/miniconda3/envs/pewaca_env/lib/python3.11/site-packages/django/core/handlers/exception.py', 'function': 'inner', 'lineno': 55, 'vars': [('request', "<WSGIRequest: CONNECT '/www.shadowserver.org:443'>"), ('exc', 'DisallowedHost("Invalid HTTP_HOST header: \'www.shadowserver.org\'. You may need to add \'www.shadowserver.org\' to ALLOWED_HOSTS.")'), ('get_response', '<CommonMiddleware get_response=convert_exception_to_response.<locals>.inner>')], 'id': 140327901931968, 'pre_context': ['', '        return inner', '    else:', '', '        @wraps(get_response)', '        def inner(request):', '            try:'], 'context_line': '                response = get_response(request)', 'post_context': ['            except Exception as exc:', '                response = response_for_exception(request, exc)', '            return response', '', '        return inner', ''], 'pre_context_lineno': 48, 'colno': '\n                               ^^^^^^^^^^^^^^^^^^^^^', 'tb_area_colno': '\n               ^^^^^^^^^^^^^^^^^^^^^'}, {'exc_cause': None, 'exc_cause_explicit': None, 'tb': <traceback object at 0x7fa0a2bf07c0>, 'type': 'django', 'filename': '/home/ubuntu/miniconda3/envs/pewaca_env/lib/python3.11/site-packages/django/utils/deprecation.py', 'function': '__call__', 'lineno': 133, 'vars': [('self', '<CommonMiddleware get_response=convert_exception_to_response.<locals>.inner>'), ('request', "<WSGIRequest: CONNECT '/www.shadowserver.org:443'>"), ('response', 'None')], 'id': 140327901923264, 'pre_context': ['', '    def __call__(self, request):', '        # Exit out to async mode, if needed', '        if iscoroutinefunction(self):', '            return self.__acall__(request)', '        response = None', '        if hasattr(self, "process_request"):'], 'context_line': '            response = self.process_request(request)', 'post_context': ['        response = response or self.get_response(request)', '        if hasattr(self, "process_response"):', '            response = self.process_response(request, response)', '        return response', '', '    async def __acall__(self, request):'], 'pre_context_lineno': 126, 'colno': '\n                            ^^^^^^^^^^^^^^^^^^^^^^^^^^^^^', 'tb_area_colno': '\n               ^^^^^^^^^^^^^^^^^^^^^^^^^^^^^'}, {'exc_cause': None, 'exc_cause_explicit': None, 'tb': <traceback object at 0x7fa0a2c39080>, 'type': 'django', 'filename': '/home/ubuntu/miniconda3/envs/pewaca_env/lib/python3.11/site-packages/django/middleware/common.py', 'function': 'process_request', 'lineno': 48, 'vars': [('self', '<CommonMiddleware get_response=convert_exception_to_response.<locals>.inner>'), ('request', "<WSGIRequest: CONNECT '/www.shadowserver.org:443'>"), ('user_agent', "('Mozilla/5.0 (Macintosh; Intel Mac OS X 10_15_7) AppleWebKit/537.36 (KHTML, '\n 'like Gecko) Chrome/138.0.0.0 Safari/537.36')")], 'id': 140327902220416, 'pre_context': ['        user_agent = request.META.get("HTTP_USER_AGENT")', '        if user_agent is not None:', '            for user_agent_regex in settings.DISALLOWED_USER_AGENTS:', '                if user_agent_regex.search(user_agent):', '                    raise PermissionDenied("Forbidden user agent")', '', '        # Check for a redirect based on settings.PREPEND_WWW'], 'context_line': '        host = request.get_host()', 'post_context': ['', '        if settings.PREPEND_WWW and host and not host.startswith("www."):', '            # Check if we also need to append a slash so we can do it all', '            # with a single redirect. (This check may be somewhat expensive,', "            # so we only do it if we already know we're sending a redirect,", '            # or in process_response if we get a 404.)'], 'pre_context_lineno': 41, 'colno': '\n                   ^^^^^^^^^^^^^^^^^^', 'tb_area_colno': '\n           ^^^^^^^^^^^^^^^^^^'}, {'exc_cause': None, 'exc_cause_explicit': None, 'tb': <traceback object at 0x7fa0a2c39200>, 'type': 'django', 'filename': '/home/ubuntu/miniconda3/envs/pewaca_env/lib/python3.11/site-packages/django/http/request.py', 'function': 'get_host', 'lineno': 151, 'vars': [('self', "<WSGIRequest: CONNECT '/www.shadowserver.org:443'>"), ('host', "'www.shadowserver.org'"), ('allowed_hosts', "['147.79.71.120',\n '127.0.0.1',\n 'localhost',\n '0.0.0.0',\n '43.156.75.206',\n 'admin.pewaca.id',\n 'www.admin.pewaca.id']"), ('domain', "'www.shadowserver.org'"), ('port', "''"), ('msg', '("Invalid HTTP_HOST header: \'www.shadowserver.org\'. You may need to add "\n "\'www.shadowserver.org\' to ALLOWED_HOSTS.")')], 'id': 140327902220800, 'pre_context': ['            msg = "Invalid HTTP_HOST header: %r." % host', '            if domain:', '                msg += " You may need to add %r to ALLOWED_HOSTS." % domain', '            else:', '                msg += (', '                    " The domain name provided is not valid according to RFC 1034/1035."', '                )'], 'context_line': '            raise DisallowedHost(msg)', 'post_context': ['', '    def get_port(self):', '        """Return the port number for the request as a string."""', '        if settings.USE_X_FORWARDED_PORT and "HTTP_X_FORWARDED_PORT" in self.META:', '            port = self.META["HTTP_X_FORWARDED_PORT"]', '        else:'], 'pre_context_lineno': 144, 'colno': '\n                 ^^^^^^^^^^^^^^^^^^^^^^^^^', 'tb_area_colno': '\n    ^^^^^^^^^^^^^^^^^^^^^^^^^'}], 'request': <WSGIRequest: CONNECT '/www.shadowserver.org:443'>, 'request_meta': {'SHELL': '/bin/bash', 'CONDA_EXE': '/home/ubuntu/miniconda3/bin/conda', '_CE_M': '', 'HISTSIZE': '1000', 'HISTTIMEFORMAT': '%F %T ', 'PWD': '/home/ubuntu/apps/django/pewaca_be/dash', 'LOGNAME': 'ubuntu', 'XDG_SESSION_TYPE': 'tty', 'CONDA_PREFIX': '/home/ubuntu/miniconda3/envs/pewaca_env', 'MOTD_SHOWN': 'pam', 'HOME': '/home/ubuntu', 'LANG': 'en_US.UTF-8', 'LS_COLORS': 'rs=0:di=01;34:ln=01;36:mh=00:pi=40;33:so=01;35:do=01;35:bd=40;33;01:cd=40;33;01:or=40;31;01:mi=00:su=37;41:sg=30;43:ca=30;41:tw=30;42:ow=34;42:st=37;44:ex=01;32:*.tar=01;31:*.tgz=01;31:*.arc=01;31:*.arj=01;31:*.taz=01;31:*.lha=01;31:*.lz4=01;31:*.lzh=01;31:*.lzma=01;31:*.tlz=01;31:*.txz=01;31:*.tzo=01;31:*.t7z=01;31:*.zip=01;31:*.z=01;31:*.dz=01;31:*.gz=01;31:*.lrz=01;31:*.lz=01;31:*.lzo=01;31:*.xz=01;31:*.zst=01;31:*.tzst=01;31:*.bz2=01;31:*.bz=01;31:*.tbz=01;31:*.tbz2=01;31:*.tz=01;31:*.deb=01;31:*.rpm=01;31:*.jar=01;31:*.war=01;31:*.ear=01;31:*.sar=01;31:*.rar=01;31:*.alz=01;31:*.ace=01;31:*.zoo=01;31:*.cpio=01;31:*.7z=01;31:*.rz=01;31:*.cab=01;31:*.wim=01;31:*.swm=01;31:*.dwm=01;31:*.esd=01;31:*.jpg=01;35:*.jpeg=01;35:*.mjpg=01;35:*.mjpeg=01;35:*.gif=01;35:*.bmp=01;35:*.pbm=01;35:*.pgm=01;35:*.ppm=01;35:*.tga=01;35:*.xbm=01;35:*.xpm=01;35:*.tif=01;35:*.tiff=01;35:*.png=01;35:*.svg=01;35:*.svgz=01;35:*.mng=01;35:*.pcx=01;35:*.mov=01;35:*.mpg=01;35:*.mpeg=01;35:*.m2v=01;35:*.mkv=01;35:*.webm=01;35:*.webp=01;35:*.ogm=01;35:*.mp4=01;35:*.m4v=01;35:*.mp4v=01;35:*.vob=01;35:*.qt=01;35:*.nuv=01;35:*.wmv=01;35:*.asf=01;35:*.rm=01;35:*.rmvb=01;35:*.flc=01;35:*.avi=01;35:*.fli=01;35:*.flv=01;35:*.gl=01;35:*.dl=01;35:*.xcf=01;35:*.xwd=01;35:*.yuv=01;35:*.cgm=01;35:*.emf=01;35:*.ogv=01;35:*.ogx=01;35:*.aac=00;36:*.au=00;36:*.flac=00;36:*.m4a=00;36:*.mid=00;36:*.midi=00;36:*.mka=00;36:*.mp3=00;36:*.mpc=00;36:*.ogg=00;36:*.ra=00;36:*.wav=00;36:*.oga=00;36:*.opus=00;36:*.spx=00;36:*.xspf=00;36:', 'CONDA_PROMPT_MODIFIER': '(pewaca_env) ', 'PROMPT_COMMAND': 'history -a; history -a; ', 'SSH_CONNECTION': '101.32.250.243 32822 10.3.8.8 22', '_CONDA_EXE': '/home/ubuntu/miniconda3/bin/conda', 'LESSCLOSE': '/usr/bin/lesspipe %s %s', '_CONDA_ROOT': '/home/ubuntu/miniconda3', 'XDG_SESSION_CLASS': 'user', 'TERM': 'xterm-256color', '_CE_CONDA': '', 'LESSOPEN': '| /usr/bin/lesspipe %s', 'USER': 'ubuntu', 'CONDA_SHLVL': '2', 'SHLVL': '0', 'XDG_SESSION_ID': '77007', 'CONDA_PYTHON_EXE': '/home/ubuntu/miniconda3/bin/python', 'XDG_RUNTIME_DIR': '/run/user/1000', 'SSH_CLIENT': '101.32.250.243 32822 22', 'CONDA_DEFAULT_ENV': 'pewaca_env', 'XDG_DATA_DIRS': '/usr/local/share:/usr/share:/var/lib/snapd/desktop', 'PATH': '/home/ubuntu/miniconda3/envs/pewaca_env/bin:/home/ubuntu/miniconda3/condabin:/usr/local/sbin:/usr/local/bin:/usr/sbin:/usr/bin:/sbin:/bin:/usr/games:/usr/local/games:/snap/bin', 'DBUS_SESSION_BUS_ADDRESS': 'unix:path=/run/user/1000/bus', 'SSH_TTY': '/dev/pts/0', 'CONDA_PREFIX_1': '/home/ubuntu/miniconda3', 'OLDPWD': '/home/ubuntu/apps/django/pewaca_be', '_': '/usr/bin/nohup', 'DJANGO_SETTINGS_MODULE': 'dash.settings', 'TZ': 'UTC', 'RUN_MAIN': 'true', 'SERVER_NAME': 'localhost.localdomain', 'GATEWAY_INTERFACE': 'CGI/1.1', 'SERVER_PORT': '8000', 'REMOTE_HOST': '', 'CONTENT_LENGTH': '', 'SCRIPT_NAME': '', 'SERVER_PROTOCOL': 'HTTP/1.1', 'SERVER_SOFTWARE': 'WSGIServer/0.2', 'REQUEST_METHOD': 'CONNECT', 'PATH_INFO': 'www.shadowserver.org:443', 'QUERY_STRING': '', 'REMOTE_ADDR': '184.105.247.216', 'CONTENT_TYPE': 'text/plain', 'HTTP_HOST': 'www.shadowserver.org', 'HTTP_USER_AGENT': 'Mozilla/5.0 (Macintosh; Intel Mac OS X 10_15_7) AppleWebKit/537.36 (KHTML, like Gecko) Chrome/138.0.0.0 Safari/537.36', 'HTTP_CONNECTION': 'Keep-Alive', 'HTTP_PRAGMA': 'no-cache', 'HTTP_PROXY_CONNECTION': 'Keep-Alive', 'wsgi.input': <django.core.handlers.wsgi.LimitedStream object at 0x7fa0a2e79d20>, 'wsgi.errors': <_io.TextIOWrapper name='<stderr>' mode='w' encoding='utf-8'>, 'wsgi.version': (1, 0), 'wsgi.run_once': False, 'wsgi.url_scheme': 'http', 'wsgi.multithread': True, 'wsgi.multiprocess': False, 'wsgi.file_wrapper': <class 'wsgiref.util.FileWrapper'>}, 'request_COOKIES_items': dict_items([]), 'user_str': '[unable to retrieve the current user]', 'filtered_POST_items': [], 'settings': {'ABSOLUTE_URL_OVERRIDES': {}, 'ADMINS': [], 'ALLOWED_HOSTS': ['147.79.71.120', '127.0.0.1', 'localhost', '0.0.0.0', '43.156.75.206', 'admin.pewaca.id', 'www.admin.pewaca.id'], 'APPEND_SLASH': True, 'AUTHENTICATION_BACKENDS': ['django.contrib.auth.backends.ModelBackend'], 'AUTH_PASSWORD_VALIDATORS': '********************', 'AUTH_USER_MODEL': 'management_user.MUser', 'BASE_DIR': PosixPath('/home/ubuntu/apps/django/pewaca_be/dash'), 'BASE_URL': 'http://127.0.0.1:8000/', 'BASE_URL_FE': 'https://pewaca.replit.app', 'BREVO_API_KEY': '********************', 'CACHES': {'default': {'BACKEND': 'django.core.cache.backends.locmem.LocMemCache'}}, 'CACHE_MIDDLEWARE_ALIAS': 'default', 'CACHE_MIDDLEWARE_KEY_PREFIX': '********************', 'CACHE_MIDDLEWARE_SECONDS': 600, 'CORS_ALLOWED_ORIGINS': ['http://147.79.71.120', 'http://127.0.0.1', 'http://127.0.0.1:8000', 'http://localhost:8000', 'https://admin.pewaca.id', 'https://www.admin.pewaca.id', 'https://pewaca.replit.app'], 'CORS_ALLOW_ALL_ORIGINS': True, 'CORS_ALLOW_CREDENTIALS': True, 'CSRF_COOKIE_AGE': 31449600, 'CSRF_COOKIE_DOMAIN': None, 'CSRF_COOKIE_HTTPONLY': False, 'CSRF_COOKIE_NAME': 'csrftoken', 'CSRF_COOKIE_PATH': '/', 'CSRF_COOKIE_SAMESITE': 'Lax', 'CSRF_COOKIE_SECURE': False, 'CSRF_FAILURE_VIEW': 'django.views.csrf.csrf_failure', 'CSRF_HEADER_NAME': 'HTTP_X_CSRFTOKEN', 'CSRF_TRUSTED_ORIGINS': ['http://147.79.71.120', 'http://127.0.0.1', 'http://127.0.0.1:8000', 'http://localhost:8000', 'https://admin.pewaca.id', 'https://www.admin.pewaca.id', 'https://pewaca.replit.app'], 'CSRF_USE_SESSIONS': False, 'DATABASES': {'default': {'ENGINE': 'django.db.backends.mysql', 'NAME': 'pewaca_v1', 'USER': 'root', 'PASSWORD': '********************', 'HOST': 'localhost', 'PORT': 3306, 'ATOMIC_REQUESTS': False, 'AUTOCOMMIT': True, 'CONN_MAX_AGE': 0, 'CONN_HEALTH_CHECKS': False, 'OPTIONS': {}, 'TIME_ZONE': None, 'TEST': {'CHARSET': None, 'COLLATION': None, 'MIGRATE': True, 'MIRROR': None, 'NAME': None}}}, 'DATABASE_ROUTERS': [], 'DATA_UPLOAD_MAX_MEMORY_SIZE': 2621440, 'DATA_UPLOAD_MAX_NUMBER_FIELDS': 1000, 'DATA_UPLOAD_MAX_NUMBER_FILES': 100, 'DATETIME_FORMAT': 'N j, Y, P', 'DATETIME_INPUT_FORMATS': ['%Y-%m-%d %H:%M:%S', '%Y-%m-%d %H:%M:%S.%f', '%Y-%m-%d %H:%M', '%m/%d/%Y %H:%M:%S', '%m/%d/%Y %H:%M:%S.%f', '%m/%d/%Y %H:%M', '%m/%d/%y %H:%M:%S', '%m/%d/%y %H:%M:%S.%f', '%m/%d/%y %H:%M'], 'DATE_FORMAT': 'N j, Y', 'DATE_INPUT_FORMATS': ['%Y-%m-%d', '%m/%d/%Y', '%m/%d/%y', '%b %d %Y', '%b %d, %Y', '%d %b %Y', '%d %b, %Y', '%B %d %Y', '%B %d, %Y', '%d %B %Y', '%d %B, %Y'], 'DEBUG': True, 'DEBUG_PROPAGATE_EXCEPTIONS': True, 'DECIMAL_SEPARATOR': '.', 'DEFAULT_AUTO_FIELD': 'django.db.models.BigAutoField', 'DEFAULT_CHARSET': 'utf-8', 'DEFAULT_EXCEPTION_REPORTER': 'django.views.debug.ExceptionReporter', 'DEFAULT_EXCEPTION_REPORTER_FILTER': 'django.views.debug.SafeExceptionReporterFilter', 'DEFAULT_FILE_STORAGE': 'api.utils.tencent_storage.TencentCOSStorage', 'DEFAULT_FROM_EMAIL': 'webmaster@localhost', 'DEFAULT_INDEX_TABLESPACE': '', 'DEFAULT_TABLESPACE': '', 'DISALLOWED_USER_AGENTS': [], 'EMAIL_BACKEND': 'django.core.mail.backends.smtp.EmailBackend', 'EMAIL_HOST': 'localhost', 'EMAIL_HOST_PASSWORD': '********************', 'EMAIL_HOST_USER': '', 'EMAIL_PORT': 25, 'EMAIL_SSL_CERTFILE': None, 'EMAIL_SSL_KEYFILE': '********************', 'EMAIL_SUBJECT_PREFIX': '[Django] ', 'EMAIL_TIMEOUT': None, 'EMAIL_USE_LOCALTIME': False, 'EMAIL_USE_SSL': False, 'EMAIL_USE_TLS': False, 'FILE_UPLOAD_DIRECTORY_PERMISSIONS': None, 'FILE_UPLOAD_HANDLERS': ['django.core.files.uploadhandler.MemoryFileUploadHandler', 'django.core.files.uploadhandler.TemporaryFileUploadHandler'], 'FILE_UPLOAD_MAX_MEMORY_SIZE': 20971520, 'FILE_UPLOAD_PERMISSIONS': 420, 'FILE_UPLOAD_TEMP_DIR': None, 'FIRST_DAY_OF_WEEK': 0, 'FIXTURE_DIRS': [], 'FORCE_SCRIPT_NAME': None, 'FORMAT_MODULE_PATH': None, 'FORMS_URLFIELD_ASSUME_HTTPS': False, 'FORM_RENDERER': 'django.forms.renderers.DjangoTemplates', 'GOOGLE_MAPS_API_KEY': '********************', 'IGNORABLE_404_URLS': [], 'INSTALLED_APPS': ['unfold', 'unfold.contrib.filters', 'unfold.contrib.forms', 'unfold.contrib.inlines', 'unfold.contrib.import_export', 'unfold.contrib.guardian', 'unfold.contrib.simple_history', 'django.contrib.admin', 'django.contrib.auth', 'django.contrib.contenttypes', 'django.contrib.sessions', 'django.contrib.messages', 'django.contrib.staticfiles', 'main', 'api', 'management_user', 'rest_framework', 'tagihan', 'rest_framework.authtoken', 'drf_yasg', 'corsheaders', 'django_google_maps', 'django_select2', 'django_filters', 'storages'], 'INTERNAL_IPS': [], 'LANGUAGES': [('af', 'Afrikaans'), ('ar', 'Arabic'), ('ar-dz', 'Algerian Arabic'), ('ast', 'Asturian'), ('az', 'Azerbaijani'), ('bg', 'Bulgarian'), ('be', 'Belarusian'), ('bn', 'Bengali'), ('br', 'Breton'), ('bs', 'Bosnian'), ('ca', 'Catalan'), ('ckb', 'Central Kurdish (Sorani)'), ('cs', 'Czech'), ('cy', 'Welsh'), ('da', 'Danish'), ('de', 'German'), ('dsb', 'Lower Sorbian'), ('el', 'Greek'), ('en', 'English'), ('en-au', 'Australian English'), ('en-gb', 'British English'), ('eo', 'Esperanto'), ('es', 'Spanish'), ('es-ar', 'Argentinian Spanish'), ('es-co', 'Colombian Spanish'), ('es-mx', 'Mexican Spanish'), ('es-ni', 'Nicaraguan Spanish'), ('es-ve', 'Venezuelan Spanish'), ('et', 'Estonian'), ('eu', 'Basque'), ('fa', 'Persian'), ('fi', 'Finnish'), ('fr', 'French'), ('fy', 'Frisian'), ('ga', 'Irish'), ('gd', 'Scottish Gaelic'), ('gl', 'Galician'), ('he', 'Hebrew'), ('hi', 'Hindi'), ('hr', 'Croatian'), ('hsb', 'Upper Sorbian'), ('hu', 'Hungarian'), ('hy', 'Armenian'), ('ia', 'Interlingua'), ('id', 'Indonesian'), ('ig', 'Igbo'), ('io', 'Ido'), ('is', 'Icelandic'), ('it', 'Italian'), ('ja', 'Japanese'), ('ka', 'Georgian'), ('kab', 'Kabyle'), ('kk', 'Kazakh'), ('km', 'Khmer'), ('kn', 'Kannada'), ('ko', 'Korean'), ('ky', 'Kyrgyz'), ('lb', 'Luxembourgish'), ('lt', 'Lithuanian'), ('lv', 'Latvian'), ('mk', 'Macedonian'), ('ml', 'Malayalam'), ('mn', 'Mongolian'), ('mr', 'Marathi'), ('ms', 'Malay'), ('my', 'Burmese'), ('nb', 'Norwegian Bokmål'), ('ne', 'Nepali'), ('nl', 'Dutch'), ('nn', 'Norwegian Nynorsk'), ('os', 'Ossetic'), ('pa', 'Punjabi'), ('pl', 'Polish'), ('pt', 'Portuguese'), ('pt-br', 'Brazilian Portuguese'), ('ro', 'Romanian'), ('ru', 'Russian'), ('sk', 'Slovak'), ('sl', 'Slovenian'), ('sq', 'Albanian'), ('sr', 'Serbian'), ('sr-latn', 'Serbian Latin'), ('sv', 'Swedish'), ('sw', 'Swahili'), ('ta', 'Tamil'), ('te', 'Telugu'), ('tg', 'Tajik'), ('th', 'Thai'), ('tk', 'Turkmen'), ('tr', 'Turkish'), ('tt', 'Tatar'), ('udm', 'Udmurt'), ('ug', 'Uyghur'), ('uk', 'Ukrainian'), ('ur', 'Urdu'), ('uz', 'Uzbek'), ('vi', 'Vietnamese'), ('zh-hans', 'Simplified Chinese'), ('zh-hant', 'Traditional Chinese')], 'LANGUAGES_BIDI': ['he', 'ar', 'ar-dz', 'ckb', 'fa', 'ug', 'ur'], 'LANGUAGE_CODE': 'en-us', 'LANGUAGE_COOKIE_AGE': None, 'LANGUAGE_COOKIE_DOMAIN': None, 'LANGUAGE_COOKIE_HTTPONLY': False, 'LANGUAGE_COOKIE_NAME': 'django_language', 'LANGUAGE_COOKIE_PATH': '/', 'LANGUAGE_COOKIE_SAMESITE': None, 'LANGUAGE_COOKIE_SECURE': False, 'LOCALE_PATHS': [], 'LOGGING': {'version': 1, 'disable_existing_loggers': False, 'formatters': {'verbose': {'format': '{levelname} {asctime} {module} {message}', 'style': '{'}}, 'handlers': {'console': {'class': 'logging.StreamHandler', 'formatter': 'verbose'}}, 'loggers': {'django': {'handlers': ['console'], 'level': 'DEBUG'}, 'django.db.backends': {'handlers': ['console'], 'level': 'DEBUG'}}}, 'LOGGING_CONFIG': 'logging.config.dictConfig', 'LOGIN_REDIRECT_URL': '/accounts/profile/', 'LOGIN_URL': '/sign-in', 'LOGOUT_REDIRECT_URL': None, 'MANAGERS': [], 'MEDIA_ROOT': '', 'MEDIA_URL': 'https://pewaca-1379748683.cos.ap-singapore.myqcloud.com/', 'MESSAGE_STORAGE': 'django.contrib.messages.storage.fallback.FallbackStorage', 'MIDDLEWARE': ['django.middleware.security.SecurityMiddleware', 'django.contrib.sessions.middleware.SessionMiddleware', 'api.utils.debug_middleware.DebugAuthMiddleware', 'django.middleware.common.CommonMiddleware', 'django.middleware.csrf.CsrfViewMiddleware', 'django.contrib.auth.middleware.AuthenticationMiddleware', 'django.contrib.messages.middleware.MessageMiddleware', 'django.middleware.clickjacking.XFrameOptionsMiddleware', 'corsheaders.middleware.CorsMiddleware'], 'MIGRATION_MODULES': {}, 'MONTH_DAY_FORMAT': 'F j', 'NUMBER_GROUPING': 0, 'PASSWORD_HASHERS': '********************', 'PASSWORD_RESET_TIMEOUT': '********************', 'PREPEND_WWW': False, 'REST_FRAMEWORK': {'DEFAULT_AUTHENTICATION_CLASSES': ['api.utils.token.TokenJWTAuthentication', 'rest_framework.authentication.SessionAuthentication'], 'DEFAULT_PERMISSION_CLASSES': ['rest_framework.permissions.IsAuthenticated'], 'DEFAULT_PAGINATION_CLASS': 'rest_framework.pagination.PageNumberPagination', 'PAGE_SIZE': 10}, 'ROOT_URLCONF': 'dash.urls', 'SECRET_KEY': '********************', 'SECRET_KEY_FALLBACKS': '********************', 'SECURE_CONTENT_TYPE_NOSNIFF': True, 'SECURE_CROSS_ORIGIN_OPENER_POLICY': 'same-origin', 'SECURE_HSTS_INCLUDE_SUBDOMAINS': False, 'SECURE_HSTS_PRELOAD': False, 'SECURE_HSTS_SECONDS': 0, 'SECURE_PROXY_SSL_HEADER': None, 'SECURE_REDIRECT_EXEMPT': [], 'SECURE_REFERRER_POLICY': 'same-origin', 'SECURE_SSL_HOST': None, 'SECURE_SSL_REDIRECT': False, 'SELECT2_CACHE_BACKEND': 'default', 'SELECT2_CACHE_PREFIX': 'select2_', 'SELECT2_CSS': ['admin/css/vendor/select2/select2.min.css'], 'SELECT2_I18N_AVAILABLE_LANGUAGES': ['ar', 'az', 'bg', 'ca', 'cs', 'da', 'de', 'el', 'en', 'es', 'et', 'eu', 'fa', 'fi', 'fr', 'gl', 'he', 'hi', 'hr', 'hu', 'id', 'is', 'it', 'ja', 'km', 'ko', 'lt', 'lv', 'mk', 'ms', 'nb', 'nl', 'pl', 'pt-BR', 'pt', 'ro', 'ru', 'sk', 'sr-Cyrl', 'sr', 'sv', 'th', 'tr', 'uk', 'vi', 'zh-CN', 'zh-TW'], 'SELECT2_I18N_PATH': 'admin/js/vendor/select2/i18n', 'SELECT2_JS': ['admin/js/vendor/select2/select2.full.min.js'], 'SELECT2_JSON_ENCODER': 'django.core.serializers.json.DjangoJSONEncoder', 'SELECT2_THEME': 'default', 'SERVER_EMAIL': 'root@localhost', 'SESSION_CACHE_ALIAS': 'default', 'SESSION_COOKIE_AGE': 1209600, 'SESSION_COOKIE_DOMAIN': None, 'SESSION_COOKIE_HTTPONLY': True, 'SESSION_COOKIE_NAME': 'sessionid', 'SESSION_COOKIE_PATH': '/', 'SESSION_COOKIE_SAMESITE': 'Lax', 'SESSION_COOKIE_SECURE': False, 'SESSION_ENGINE': 'django.contrib.sessions.backends.db', 'SESSION_EXPIRE_AT_BROWSER_CLOSE': False, 'SESSION_FILE_PATH': None, 'SESSION_SAVE_EVERY_REQUEST': False, 'SESSION_SERIALIZER': 'django.contrib.sessions.serializers.JSONSerializer', 'SETTINGS_MODULE': 'dash.settings', 'SHORT_DATETIME_FORMAT': 'm/d/Y P', 'SHORT_DATE_FORMAT': 'm/d/Y', 'SIGNING_BACKEND': 'django.core.signing.TimestampSigner', 'SILENCED_SYSTEM_CHECKS': [], 'SIMPLE_JWT': {'USER_ID_FIELD': 'user_id', 'ACCESS_TOKEN_LIFETIME': '********************', 'REFRESH_TOKEN_LIFETIME': '********************', 'ROTATE_REFRESH_TOKENS': '********************', 'BLACKLIST_AFTER_ROTATION': False, 'ALGORITHM': 'HS256', 'SIGNING_KEY': '********************', 'AUTH_HEADER_TYPES': ('Bearer',)}, 'STATICFILES_DIRS': [], 'STATICFILES_FINDERS': ['django.contrib.staticfiles.finders.FileSystemFinder', 'django.contrib.staticfiles.finders.AppDirectoriesFinder'], 'STATICFILES_STORAGE': 'django.contrib.staticfiles.storage.StaticFilesStorage', 'STATIC_ROOT': '/home/ubuntu/apps/django/pewaca_be/dash/static', 'STATIC_URL': '/static/', 'STORAGES': {'default': {'BACKEND': 'api.utils.tencent_storage.TencentCOSStorage'}, 'staticfiles': {'BACKEND': 'django.contrib.staticfiles.storage.StaticFilesStorage'}}, 'SWAGGER_SETTINGS': {'SECURITY_DEFINITIONS': {'Token': '********************'}}, 'TEMPLATES': [{'BACKEND': 'django.template.backends.django.DjangoTemplates', 'DIRS': ['/home/ubuntu/apps/django/pewaca_be/dash/templates'], 'APP_DIRS': True, 'OPTIONS': {'context_processors': ['django.template.context_processors.debug', 'django.template.context_processors.request', 'django.contrib.auth.context_processors.auth', 'django.contrib.messages.context_processors.messages']}}], 'TENCENT_COS_ACCESS_KEY': '********************', 'TENCENT_COS_BUCKET': 'pewaca-1379748683', 'TENCENT_COS_ENDPOINT': 'https://cos.ap-singapore.myqcloud.com', 'TENCENT_COS_REGION': 'ap-singapore', 'TENCENT_COS_SECRET_KEY': '********************', 'TENCENT_COS_URL': 'https://pewaca-1379748683.cos.ap-singapore.myqcloud.com', 'TEST_NON_SERIALIZED_APPS': [], 'TEST_RUNNER': 'django.test.runner.DiscoverRunner', 'THOUSAND_SEPARATOR': ',', 'TIME_FORMAT': 'P', 'TIME_INPUT_FORMATS': ['%H:%M:%S', '%H:%M:%S.%f', '%H:%M'], 'TIME_ZONE': 'UTC', 'UNFOLD': {'SITE_TITLE': 'Zara Residence Admin', 'SITE_HEADER': 'Zara Residence Admin', 'SITE_URL': '/', 'SITE_ICON': {'light': <function <lambda> at 0x7fa0ab9dd4e0>, 'dark': <function <lambda> at 0x7fa0ab9dd580>}, 'SITE_LOGO': {'light': <function <lambda> at 0x7fa0ab9ddf80>, 'dark': <function <lambda> at 0x7fa0abf12b60>}, 'SITE_SYMBOL': 'speed', 'SITE_FAVICONS': [{'rel': 'icon', 'sizes': '32x32', 'type': 'image/svg+xml', 'href': <function <lambda> at 0x7fa0ab47cf40>}], 'SHOW_HISTORY': True, 'SHOW_VIEW_ON_SITE': True, 'THEME': 'light', 'LOGIN': {'image': <function <lambda> at 0x7fa0ab47cfe0>}, 'STYLES': [<function <lambda> at 0x7fa0ab47d080>], 'SCRIPTS': [<function <lambda> at 0x7fa0ab47d120>], 'EXTENSIONS': {'modeltranslation': {'flags': {'id': 'ID'}}}, 'SIDEBAR': {'show_search': False, 'show_all_applications': True, 'navigation': [{'title': 'Navigations', 'separator': False, 'collapsible': False, 'items': [{'title': 'Home', 'icon': 'home', 'link': '/', 'active': False, 'has_permission': True}, {'title': 'Residence', 'icon': 'home', 'link': '/main/mresidence/', 'active': False, 'has_permission': True}, {'title': 'Employee', 'icon': 'group', 'link': '/management_user/muser/staff/', 'permission': <function <lambda> at 0x7fa0ab47d1c0>, 'active': False, 'has_permission': True}]}]}}, 'USE_I18N': True, 'USE_TENCENT_COS': True, 'USE_THOUSAND_SEPARATOR': False, 'USE_TZ': True, 'USE_X_FORWARDED_HOST': False, 'USE_X_FORWARDED_PORT': False, 'WSGI_APPLICATION': 'dash.wsgi.application', 'X_FRAME_OPTIONS': 'DENY', 'YEAR_MONTH_FORMAT': 'F Y'}, 'sys_executable': '/home/ubuntu/miniconda3/envs/pewaca_env/bin/python3', 'sys_version_info': '3.11.13', 'server_time': datetime.datetime(2025, 11, 5, 12, 38, 21, 543879, tzinfo=datetime.timezone.utc), 'django_version_info': '5.0.7', 'sys_path': ['/home/ubuntu/apps/django/pewaca_be/dash', '/home/ubuntu/miniconda3/envs/pewaca_env/lib/python311.zip', '/home/ubuntu/miniconda3/envs/pewaca_env/lib/python3.11', '/home/ubuntu/miniconda3/envs/pewaca_env/lib/python3.11/lib-dynload', '/home/ubuntu/miniconda3/envs/pewaca_env/lib/python3.11/site-packages', '/home/ubuntu/miniconda3/envs/pewaca_env/lib/python3.11/site-packages/setuptools/_vendor'], 'template_info': None, 'template_does_not_exist': False, 'postmortem': None, 'request_GET_items': <generator object MultiValueDict.items at 0x7fa0a2d43ae0>, 'request_FILES_items': <generator object MultiValueDict.items at 0x7fa0a2d43ca0>, 'request_insecure_uri': 'http://www.shadowserver.org/www.shadowserver.org:443', 'raising_view_name': 'django.contrib.admin.sites.catch_all_view', 'exception_type': 'DisallowedHost', 'exception_value': "Invalid HTTP_HOST header: 'www.shadowserver.org'. You may need to add 'www.shadowserver.org' to ALLOWED_HOSTS.", 'lastframe': {'exc_cause': None, 'exc_cause_explicit': None, 'tb': <traceback object at 0x7fa0a2c39200>, 'type': 'django', 'filename': '/home/ubuntu/miniconda3/envs/pewaca_env/lib/python3.11/site-packages/django/http/request.py', 'function': 'get_host', 'lineno': 151, 'vars': [('self', "<WSGIRequest: CONNECT '/www.shadowserver.org:443'>"), ('host', "'www.shadowserver.org'"), ('allowed_hosts', "['147.79.71.120',\n '127.0.0.1',\n 'localhost',\n '0.0.0.0',\n '43.156.75.206',\n 'admin.pewaca.id',\n 'www.admin.pewaca.id']"), ('domain', "'www.shadowserver.org'"), ('port', "''"), ('msg', '("Invalid HTTP_HOST header: \'www.shadowserver.org\'. You may need to add "\n "\'www.shadowserver.org\' to ALLOWED_HOSTS.")')], 'id': 140327902220800, 'pre_context': ['            msg = "Invalid HTTP_HOST header: %r." % host', '            if domain:', '                msg += " You may need to add %r to ALLOWED_HOSTS." % domain', '            else:', '                msg += (', '                    " The domain name provided is not valid according to RFC 1034/1035."', '                )'], 'context_line': '            raise DisallowedHost(msg)', 'post_context': ['', '    def get_port(self):', '        """Return the port number for the request as a string."""', '        if settings.USE_X_FORWARDED_PORT and "HTTP_X_FORWARDED_PORT" in self.META:', '            port = self.META["HTTP_X_FORWARDED_PORT"]', '        else:'], 'pre_context_lineno': 144, 'colno': '\n                 ^^^^^^^^^^^^^^^^^^^^^^^^^', 'tb_area_colno': '\n    ^^^^^^^^^^^^^^^^^^^^^^^^^'}}]
WARNING 2025-11-05 12:38:21,553 log Bad Request: /www.shadowserver.org:443
WARNING 2025-11-05 12:38:21,554 basehttp "CONNECT www.shadowserver.org:443 HTTP/1.1" 400 76916