[SERIALIZER] ‚ùå IntegrityError: (1364, "Field 'id' doesn't have a default value")
Traceback (most recent call last):
  File "/home/ubuntu/miniconda3/envs/pewaca_env/lib/python3.11/site-packages/django/db/backends/utils.py", line 105, in _execute
    return self.cursor.execute(sql, params)
           ^^^^^^^^^^^^^^^^^^^^^^^^^^^^^^^^
  File "/home/ubuntu/miniconda3/envs/pewaca_env/lib/python3.11/site-packages/django/db/backends/mysql/base.py", line 76, in execute
    return self.cursor.execute(query, args)
           ^^^^^^^^^^^^^^^^^^^^^^^^^^^^^^^^
  File "/home/ubuntu/miniconda3/envs/pewaca_env/lib/python3.11/site-packages/MySQLdb/cursors.py", line 179, in execute
    res = self._query(mogrified_query)
          ^^^^^^^^^^^^^^^^^^^^^^^^^^^^
  File "/home/ubuntu/miniconda3/envs/pewaca_env/lib/python3.11/site-packages/MySQLdb/cursors.py", line 330, in _query
    db.query(q)
  File "/home/ubuntu/miniconda3/envs/pewaca_env/lib/python3.11/site-packages/MySQLdb/connections.py", line 261, in query
    _mysql.connection.query(self, query)
MySQLdb.IntegrityError: (1364, "Field 'id' doesn't have a default value")

The above exception was the direct cause of the following exception:

Traceback (most recent call last):
  File "/home/ubuntu/apps/django/pewaca_be/dash/api/serializers/user_registration.py", line 331, in create
    warga = Warga.objects.create(
            ^^^^^^^^^^^^^^^^^^^^^
  File "/home/ubuntu/miniconda3/envs/pewaca_env/lib/python3.11/site-packages/django/db/models/manager.py", line 87, in manager_method
    return getattr(self.get_queryset(), name)(*args, **kwargs)
           ^^^^^^^^^^^^^^^^^^^^^^^^^^^^^^^^^^^^^^^^^^^^^^^^^^^
  File "/home/ubuntu/miniconda3/envs/pewaca_env/lib/python3.11/site-packages/django/db/models/query.py", line 679, in create
    obj.save(force_insert=True, using=self.db)
  File "/home/ubuntu/miniconda3/envs/pewaca_env/lib/python3.11/site-packages/django/db/models/base.py", line 822, in save
    self.save_base(
  File "/home/ubuntu/miniconda3/envs/pewaca_env/lib/python3.11/site-packages/django/db/models/base.py", line 909, in save_base
    updated = self._save_table(
              ^^^^^^^^^^^^^^^^^
  File "/home/ubuntu/miniconda3/envs/pewaca_env/lib/python3.11/site-packages/django/db/models/base.py", line 1071, in _save_table
    results = self._do_insert(
              ^^^^^^^^^^^^^^^^
  File "/home/ubuntu/miniconda3/envs/pewaca_env/lib/python3.11/site-packages/django/db/models/base.py", line 1112, in _do_insert
    return manager._insert(
           ^^^^^^^^^^^^^^^^
  File "/home/ubuntu/miniconda3/envs/pewaca_env/lib/python3.11/site-packages/django/db/models/manager.py", line 87, in manager_method
    return getattr(self.get_queryset(), name)(*args, **kwargs)
           ^^^^^^^^^^^^^^^^^^^^^^^^^^^^^^^^^^^^^^^^^^^^^^^^^^^
  File "/home/ubuntu/miniconda3/envs/pewaca_env/lib/python3.11/site-packages/django/db/models/query.py", line 1847, in _insert
    return query.get_compiler(using=using).execute_sql(returning_fields)
           ^^^^^^^^^^^^^^^^^^^^^^^^^^^^^^^^^^^^^^^^^^^^^^^^^^^^^^^^^^^^^
  File "/home/ubuntu/miniconda3/envs/pewaca_env/lib/python3.11/site-packages/django/db/models/sql/compiler.py", line 1823, in execute_sql
    cursor.execute(sql, params)
  File "/home/ubuntu/miniconda3/envs/pewaca_env/lib/python3.11/site-packages/django/db/backends/utils.py", line 122, in execute
    return super().execute(sql, params)
           ^^^^^^^^^^^^^^^^^^^^^^^^^^^^
  File "/home/ubuntu/miniconda3/envs/pewaca_env/lib/python3.11/site-packages/django/db/backends/utils.py", line 79, in execute
    return self._execute_with_wrappers(
           ^^^^^^^^^^^^^^^^^^^^^^^^^^^^
  File "/home/ubuntu/miniconda3/envs/pewaca_env/lib/python3.11/site-packages/django/db/backends/utils.py", line 92, in _execute_with_wrappers
    return executor(sql, params, many, context)
           ^^^^^^^^^^^^^^^^^^^^^^^^^^^^^^^^^^^^
  File "/home/ubuntu/miniconda3/envs/pewaca_env/lib/python3.11/site-packages/django/db/backends/utils.py", line 100, in _execute
    with self.db.wrap_database_errors:
  File "/home/ubuntu/miniconda3/envs/pewaca_env/lib/python3.11/site-packages/django/db/utils.py", line 91, in __exit__
    raise dj_exc_value.with_traceback(traceback) from exc_value
  File "/home/ubuntu/miniconda3/envs/pewaca_env/lib/python3.11/site-packages/django/db/backends/utils.py", line 105, in _execute
    return self.cursor.execute(sql, params)
           ^^^^^^^^^^^^^^^^^^^^^^^^^^^^^^^^
  File "/home/ubuntu/miniconda3/envs/pewaca_env/lib/python3.11/site-packages/django/db/backends/mysql/base.py", line 76, in execute
    return self.cursor.execute(query, args)
           ^^^^^^^^^^^^^^^^^^^^^^^^^^^^^^^^
  File "/home/ubuntu/miniconda3/envs/pewaca_env/lib/python3.11/site-packages/MySQLdb/cursors.py", line 179, in execute
    res = self._query(mogrified_query)
          ^^^^^^^^^^^^^^^^^^^^^^^^^^^^
  File "/home/ubuntu/miniconda3/envs/pewaca_env/lib/python3.11/site-packages/MySQLdb/cursors.py", line 330, in _query
    db.query(q)
  File "/home/ubuntu/miniconda3/envs/pewaca_env/lib/python3.11/site-packages/MySQLdb/connections.py", line 261, in query
    _mysql.connection.query(self, query)
django.db.utils.IntegrityError: (1364, "Field 'id' doesn't have a default value")
DEBUG 2025-10-26 08:26:46,057 utils (0.000) ROLLBACK; args=None; alias=default
DEBUG 2025-10-26 08:26:46,057 utils (0.000) ROLLBACK; args=None; alias=default
WARNING 2025-10-26 08:26:46,058 log Bad Request: /api/auth/sign-up/350c228d-2121-47fd-a808-456a7523e527/
WARNING 2025-10-26 08:26:46,058 basehttp "POST /api/auth/sign-up/350c228d-2121-47fd-a808-456a7523e527/ HTTP/1.0" 400 239
DEBUG 2025-10-26 08:26:46,290 autoreload File /home/ubuntu/miniconda3/envs/pewaca_env/lib/python3.11/site-packages/django/contrib/sessions/serializers.py first seen with mtime 1758982201.4206936
DEBUG 2025-10-26 08:26:46,292 autoreload File /home/ubuntu/miniconda3/envs/pewaca_env/lib/python3.11/site-packages/django/contrib/messages/storage/fallback.py first seen with mtime 1758982201.3486931
DEBUG 2025-10-26 08:26:46,294 autoreload File /home/ubuntu/miniconda3/envs/pewaca_env/lib/python3.11/site-packages/django/contrib/messages/storage/session.py first seen with mtime 1758982201.3486931
DEBUG 2025-10-26 08:26:46,294 autoreload File /home/ubuntu/miniconda3/envs/pewaca_env/lib/python3.11/site-packages/django/contrib/messages/storage/cookie.py first seen with mtime 1758982201.3486931
